{"name": "Verify the tittle of the Page Your Account Has Been Created!", "status": "broken", "statusDetails": {"message": "selenium.common.exceptions.TimeoutException: Message: \nStacktrace:\n\tGetHandleVerifier [0x00007FF6CE9CB645+29573]\n\t(No symbol) [0x00007FF6CE940470]\n\t(No symbol) [0x00007FF6CE7FB6EA]\n\t(No symbol) [0x00007FF6CE84F815]\n\t(No symbol) [0x00007FF6CE84FA6C]\n\t(No symbol) [0x00007FF6CE89B917]\n\t(No symbol) [0x00007FF6CE87733F]\n\t(No symbol) [0x00007FF6CE8986BC]\n\t(No symbol) [0x00007FF6CE8770A3]\n\t(No symbol) [0x00007FF6CE8412DF]\n\t(No symbol) [0x00007FF6CE842441]\n\tGetHandleVerifier [0x00007FF6CECFC58D+3375821]\n\tGetHandleVerifier [0x00007FF6CED47987+3684039]\n\tGetHandleVerifier [0x00007FF6CED3CDAB+3640043]\n\tGetHandleVerifier [0x00007FF6CEA8B7C6+816390]\n\t(No symbol) [0x00007FF6CE94B77F]\n\t(No symbol) [0x00007FF6CE9475A4]\n\t(No symbol) [0x00007FF6CE947740]\n\t(No symbol) [0x00007FF6CE93659F]\n\tBaseThreadInitThunk [0x00007FFEBC5A257D+29]\n\tRtlUserThreadStart [0x00007FFEBDD8AF08+40]", "trace": "@allure.title(\"Verify the tittle of the Page Your Account Has Been Created!\")\n    @allure.description(\"Verify the Continue button is clicked\")\n    def test_loginPage_awesomwqa():\n        driver = webdriver.Chrome()\n        driver.get(\"https://awesomeqa.com/ui/index.php?route=account/register\")\n        firt_name = driver.find_element(By.XPATH,\"//input[@id='input-firstname']\")\n        firt_name.send_keys(\"Manu\")\n        last_name = driver.find_element(By.XPATH,\"//input[@id='input-lastname']\")\n        last_name.send_keys(\"Kumar\")\n        email_cred = driver.find_element(By.XPATH,\"//input[@id='input-email']\")\n        email_cred.send_keys(\"manu1973@gmail.com\")\n        telephone_num = driver.find_element(By.XPATH,\"//input[@id='input-telephone']\")\n        telephone_num.send_keys(\"8753605125\")\n        Pass_textfeild = driver.find_element(By.XPATH,\"//input[@id='input-password']\")\n        Pass_textfeild.send_keys(\"Hello@15432\")\n        password_confirm = driver.find_element(By.XPATH,\"//input[@id='input-confirm']\")\n        password_confirm.send_keys(\"Hello@15432\")\n        Privacy_checkbox=driver.find_element(By.XPATH,\"//input[@type='checkbox']\")\n        Privacy_checkbox.click()\n        Login_button= driver.find_element(By.XPATH,\"//input[@type='submit']\")\n        Login_button.click()\n>       page_title_element = WebDriverWait(driver, 10).until(\n            EC.visibility_of_element_located((By.XPATH, \"//h1[contains(text(), 'Your Account Has Been Created')]\"))\n        )\n\nsrc\\test_awesomeqa_login.py:31: \n_ _ _ _ _ _ _ _ _ _ _ _ _ _ _ _ _ _ _ _ _ _ _ _ _ _ _ _ _ _ _ _ _ _ _ _ _ _ _ _ _ _ _ _ _ _ _ _ _ _ _ _ _ _ _ _ _ _ _ _ _ _ _ _ _ _ _ _ _ _ _ _ _ _ _ _ _ _ _ _\n\nself = <selenium.webdriver.support.wait.WebDriverWait (session=\"a8d46d3f62a9d904b13c0b405961af70\")>\nmethod = <function visibility_of_element_located.<locals>._predicate at 0x000001784D7FF560>, message = ''\n\n    def until(self, method: Callable[[D], Union[Literal[False], T]], message: str = \"\") -> T:\n        \"\"\"Calls the method provided with the driver as an argument until the \\\n        return value does not evaluate to ``False``.\n    \n        :param method: callable(WebDriver)\n        :param message: optional message for :exc:`TimeoutException`\n        :returns: the result of the last call to `method`\n        :raises: :exc:`selenium.common.exceptions.TimeoutException` if timeout occurs\n        \"\"\"\n        screen = None\n        stacktrace = None\n    \n        end_time = time.monotonic() + self._timeout\n        while True:\n            try:\n                value = method(self._driver)\n                if value:\n                    return value\n            except self._ignored_exceptions as exc:\n                screen = getattr(exc, \"screen\", None)\n                stacktrace = getattr(exc, \"stacktrace\", None)\n            time.sleep(self._poll)\n            if time.monotonic() > end_time:\n                break\n>       raise TimeoutException(message, screen, stacktrace)\nE       selenium.common.exceptions.TimeoutException: Message: \nE       Stacktrace:\nE       \tGetHandleVerifier [0x00007FF6CE9CB645+29573]\nE       \t(No symbol) [0x00007FF6CE940470]\nE       \t(No symbol) [0x00007FF6CE7FB6EA]\nE       \t(No symbol) [0x00007FF6CE84F815]\nE       \t(No symbol) [0x00007FF6CE84FA6C]\nE       \t(No symbol) [0x00007FF6CE89B917]\nE       \t(No symbol) [0x00007FF6CE87733F]\nE       \t(No symbol) [0x00007FF6CE8986BC]\nE       \t(No symbol) [0x00007FF6CE8770A3]\nE       \t(No symbol) [0x00007FF6CE8412DF]\nE       \t(No symbol) [0x00007FF6CE842441]\nE       \tGetHandleVerifier [0x00007FF6CECFC58D+3375821]\nE       \tGetHandleVerifier [0x00007FF6CED47987+3684039]\nE       \tGetHandleVerifier [0x00007FF6CED3CDAB+3640043]\nE       \tGetHandleVerifier [0x00007FF6CEA8B7C6+816390]\nE       \t(No symbol) [0x00007FF6CE94B77F]\nE       \t(No symbol) [0x00007FF6CE9475A4]\nE       \t(No symbol) [0x00007FF6CE947740]\nE       \t(No symbol) [0x00007FF6CE93659F]\nE       \tBaseThreadInitThunk [0x00007FFEBC5A257D+29]\nE       \tRtlUserThreadStart [0x00007FFEBDD8AF08+40]\n\n.venv\\Lib\\site-packages\\selenium\\webdriver\\support\\wait.py:105: TimeoutException"}, "description": "Verify the Continue button is clicked", "start": 1729494800152, "stop": 1729494814252, "uuid": "530323da-25bd-4924-b9e8-898ee8c40261", "historyId": "b2bbf50e49ad7c60cfa57beff250acd9", "testCaseId": "b2bbf50e49ad7c60cfa57beff250acd9", "fullName": "src.test_awesomeqa_login#test_loginPage_awesomwqa", "labels": [{"name": "parentSuite", "value": "src"}, {"name": "suite", "value": "test_awesomeqa_login"}, {"name": "host", "value": "Manu"}, {"name": "thread", "value": "36044-MainThread"}, {"name": "framework", "value": "pytest"}, {"name": "language", "value": "cpython3"}, {"name": "package", "value": "src.test_awesomeqa_login"}]}